0 info it worked if it ends with ok
1 verbose cli [ 'C:\\Program Files\\nodejs\\node.exe',
1 verbose cli   'C:\\Program Files\\nodejs\\node_modules\\npm\\bin\\npm-cli.js',
1 verbose cli   'start' ]
2 info using npm@3.10.10
3 info using node@v6.11.3
4 verbose run-script [ 'prestart', 'start', 'poststart' ]
5 info lifecycle h6@0.0.16~prestart: h6@0.0.16
6 silly lifecycle h6@0.0.16~prestart: no script for prestart, continuing
7 info lifecycle h6@0.0.16~start: h6@0.0.16
8 verbose lifecycle h6@0.0.16~start: unsafe-perm in lifecycle true
9 verbose lifecycle h6@0.0.16~start: PATH: C:\Program Files\nodejs\node_modules\npm\bin\node-gyp-bin;C:\Users\이민우\workspace\H6-server\node_modules\.bin;C:\oraclexe\app\oracle\product\11.2.0\server\bin;C:\Program Files\Java\jdk1.8.0_101\bin;C:\ProgramData\Oracle\Java\javapath;C:\Program Files\Java\jdk1.8.0_101\bin;C:\Users\Public\opencv\build\x86\vc12\bin;C:\Program Files\Amazon\AWSCLI\;C:\Program Files\MATLAB\R2010a\runtime\win64;C:\Program Files\MATLAB\R2010a\bin;C:\Program Files (x86)\PuTTY\;C:\Program Files\nodejs\;c:\Program Files (x86)\Microsoft SQL Server\100\Tools\Binn\;c:\Program Files\Microsoft SQL Server\100\Tools\Binn\;c:\Program Files\Microsoft SQL Server\100\DTS\Binn\;C:\Program Files (x86)\Brackets\command;C:\Program Files\Git\cmd;C:\Program Files\MySQL\MySQL Utilities 1.6\;C:\Python27\;C:\Python27\Scripts\;C:\google-cloud-sdk\bin\;C:\Program Files (x86)\Google\Cloud SDK\google-cloud-sdk\bin;C:\Users\이민우\AppData\Roaming\npm;C:\Python36\;C:\Python36\Scripts\;C:\Program Files\Java\jdk1.8.0_101\bin;C:\Windows\System32;C:\Program Files\MongoDB\Server\3.4\bin;C:\Program Files\Intel\WiFi\bin\;C:\Program Files\Common Files\Intel\WirelessCommon\
10 verbose lifecycle h6@0.0.16~start: CWD: C:\Users\이민우\workspace\H6-server
11 silly lifecycle h6@0.0.16~start: Args: [ '/d /s /c', 'node server.js' ]
12 silly lifecycle h6@0.0.16~start: Returned: code: 1  signal: null
13 info lifecycle h6@0.0.16~start: Failed to exec start script
14 verbose stack Error: h6@0.0.16 start: `node server.js`
14 verbose stack Exit status 1
14 verbose stack     at EventEmitter.<anonymous> (C:\Program Files\nodejs\node_modules\npm\lib\utils\lifecycle.js:255:16)
14 verbose stack     at emitTwo (events.js:106:13)
14 verbose stack     at EventEmitter.emit (events.js:191:7)
14 verbose stack     at ChildProcess.<anonymous> (C:\Program Files\nodejs\node_modules\npm\lib\utils\spawn.js:40:14)
14 verbose stack     at emitTwo (events.js:106:13)
14 verbose stack     at ChildProcess.emit (events.js:191:7)
14 verbose stack     at maybeClose (internal/child_process.js:920:16)
14 verbose stack     at Process.ChildProcess._handle.onexit (internal/child_process.js:230:5)
15 verbose pkgid h6@0.0.16
16 verbose cwd C:\Users\이민우\workspace\H6-server
17 error Windows_NT 6.1.7601
18 error argv "C:\\Program Files\\nodejs\\node.exe" "C:\\Program Files\\nodejs\\node_modules\\npm\\bin\\npm-cli.js" "start"
19 error node v6.11.3
20 error npm  v3.10.10
21 error code ELIFECYCLE
22 error h6@0.0.16 start: `node server.js`
22 error Exit status 1
23 error Failed at the h6@0.0.16 start script 'node server.js'.
23 error Make sure you have the latest version of node.js and npm installed.
23 error If you do, this is most likely a problem with the h6 package,
23 error not with npm itself.
23 error Tell the author that this fails on your system:
23 error     node server.js
23 error You can get information on how to open an issue for this project with:
23 error     npm bugs h6
23 error Or if that isn't available, you can get their info via:
23 error     npm owner ls h6
23 error There is likely additional logging output above.
24 verbose exit [ 1, true ]
